{"/home/al3xdiaz/projects/form-with-state/src/index.tsx": {"path":"/home/al3xdiaz/projects/form-with-state/src/index.tsx","statementMap":{"0":{"start":{"line":1,"column":0},"end":{"line":1,"column":26}},"1":{"start":{"line":2,"column":0},"end":{"line":2,"column":48}},"2":{"start":{"line":3,"column":0},"end":{"line":3,"column":46}},"3":{"start":{"line":4,"column":0},"end":{"line":4,"column":34}},"4":{"start":{"line":13,"column":13},"end":{"line":18,"column":3}},"5":{"start":{"line":20,"column":0},"end":{"line":20,"column":20}}},"fnMap":{},"branchMap":{},"s":{"0":1,"1":1,"2":1,"3":1,"4":1,"5":1},"f":{},"b":{}}
,"/home/al3xdiaz/projects/form-with-state/src/form/index.tsx": {"path":"/home/al3xdiaz/projects/form-with-state/src/form/index.tsx","statementMap":{"0":{"start":{"line":1,"column":0},"end":{"line":1,"column":46}},"1":{"start":{"line":2,"column":0},"end":{"line":2,"column":44}},"2":{"start":{"line":3,"column":0},"end":{"line":3,"column":52}},"3":{"start":{"line":14,"column":24},"end":{"line":30,"column":1}},"4":{"start":{"line":14,"column":34},"end":{"line":14,"column":35}},"5":{"start":{"line":14,"column":43},"end":{"line":14,"column":44}},"6":{"start":{"line":15,"column":28},"end":{"line":15,"column":50}},"7":{"start":{"line":15,"column":16},"end":{"line":15,"column":17}},"8":{"start":{"line":15,"column":25},"end":{"line":15,"column":28}},"9":{"start":{"line":17,"column":25},"end":{"line":22,"column":null}},"10":{"start":{"line":17,"column":66},"end":{"line":22,"column":null}},"11":{"start":{"line":18,"column":8},"end":{"line":18,"column":27}},"12":{"start":{"line":19,"column":8},"end":{"line":19,"column":20}},"13":{"start":{"line":19,"column":8},"end":{"line":19,"column":16}},"14":{"start":{"line":19,"column":20},"end":{"line":21,"column":11}},"15":{"start":{"line":20,"column":12},"end":{"line":20,"column":41}},"16":{"start":{"line":23,"column":4},"end":{"line":29,"column":null}},"17":{"start":{"line":32,"column":0},"end":{"line":32,"column":20}}},"fnMap":{"0":{"name":"(anonymous_0)","decl":{"start":{"line":14,"column":24},"end":{"line":14,"column":25}},"loc":{"start":{"line":14,"column":44},"end":{"line":30,"column":1}}},"1":{"name":"(anonymous_1)","decl":{"start":{"line":17,"column":25},"end":{"line":17,"column":32}},"loc":{"start":{"line":17,"column":66},"end":{"line":22,"column":null}}},"2":{"name":"(anonymous_2)","decl":{"start":{"line":17,"column":66},"end":{"line":17,"column":null}},"loc":{"start":{"line":17,"column":66},"end":{"line":22,"column":null}}},"3":{"name":"(anonymous_4)","decl":{"start":{"line":19,"column":47},"end":{"line":19,"column":null}},"loc":{"start":{"line":19,"column":47},"end":{"line":21,"column":9}}}},"branchMap":{"0":{"loc":{"start":{"line":19,"column":8},"end":{"line":19,"column":16}},"type":"if","locations":[{"start":{"line":19,"column":8},"end":{"line":19,"column":16}}]}},"s":{"0":1,"1":1,"2":1,"3":1,"4":1,"5":1,"6":1,"7":1,"8":1,"9":1,"10":0,"11":0,"12":0,"13":0,"14":0,"15":0,"16":1,"17":1},"f":{"0":1,"1":0,"2":0,"3":0},"b":{"0":[0]}}
,"/home/al3xdiaz/projects/form-with-state/src/form/btn/index.tsx": {"path":"/home/al3xdiaz/projects/form-with-state/src/form/btn/index.tsx","statementMap":{"0":{"start":{"line":1,"column":0},"end":{"line":1,"column":26}},"1":{"start":{"line":8,"column":40},"end":{"line":25,"column":1}},"2":{"start":{"line":8,"column":47},"end":{"line":8,"column":48}},"3":{"start":{"line":8,"column":53},"end":{"line":8,"column":54}},"4":{"start":{"line":9,"column":4},"end":{"line":24,"column":null}},"5":{"start":{"line":8,"column":13},"end":{"line":8,"column":40}}},"fnMap":{"0":{"name":"(anonymous_0)","decl":{"start":{"line":8,"column":40},"end":{"line":8,"column":41}},"loc":{"start":{"line":8,"column":54},"end":{"line":25,"column":1}}}},"branchMap":{},"s":{"0":1,"1":1,"2":0,"3":0,"4":0,"5":1},"f":{"0":0},"b":{}}
,"/home/al3xdiaz/projects/form-with-state/src/form/formProvider/context.tsx": {"path":"/home/al3xdiaz/projects/form-with-state/src/form/formProvider/context.tsx","statementMap":{"0":{"start":{"line":1,"column":0},"end":{"line":1,"column":27}},"1":{"start":{"line":12,"column":14},"end":{"line":12,"column":60}},"2":{"start":{"line":14,"column":0},"end":{"line":14,"column":22}}},"fnMap":{},"branchMap":{},"s":{"0":1,"1":1,"2":1},"f":{},"b":{}}
,"/home/al3xdiaz/projects/form-with-state/src/form/formProvider/useFormContext.tsx": {"path":"/home/al3xdiaz/projects/form-with-state/src/form/formProvider/useFormContext.tsx","statementMap":{"0":{"start":{"line":1,"column":0},"end":{"line":1,"column":47}},"1":{"start":{"line":2,"column":0},"end":{"line":2,"column":31}},"2":{"start":{"line":6,"column":23},"end":{"line":19,"column":6}},"3":{"start":{"line":7,"column":29},"end":{"line":7,"column":48}},"4":{"start":{"line":7,"column":16},"end":{"line":7,"column":17}},"5":{"start":{"line":7,"column":25},"end":{"line":7,"column":29}},"6":{"start":{"line":9,"column":19},"end":{"line":14,"column":23}},"7":{"start":{"line":10,"column":8},"end":{"line":13,"column":null}},"8":{"start":{"line":16,"column":4},"end":{"line":19,"column":6}},"9":{"start":{"line":6,"column":13},"end":{"line":6,"column":23}},"10":{"start":{"line":20,"column":0},"end":{"line":20,"column":23}}},"fnMap":{"0":{"name":"(anonymous_0)","decl":{"start":{"line":6,"column":23},"end":{"line":6,"column":null}},"loc":{"start":{"line":6,"column":23},"end":{"line":19,"column":6}}},"1":{"name":"(anonymous_1)","decl":{"start":{"line":9,"column":31},"end":{"line":9,"column":32}},"loc":{"start":{"line":9,"column":46},"end":{"line":14,"column":5}}}},"branchMap":{"0":{"loc":{"start":{"line":10,"column":8},"end":{"line":13,"column":10}},"type":"binary-expr","locations":[{"start":{"line":10,"column":8},"end":{"line":10,"column":16}},{"start":{"line":10,"column":20},"end":{"line":13,"column":10}}]}},"s":{"0":1,"1":1,"2":1,"3":0,"4":0,"5":0,"6":0,"7":0,"8":0,"9":1,"10":1},"f":{"0":0,"1":0},"b":{"0":[0,0]}}
,"/home/al3xdiaz/projects/form-with-state/src/form/formProvider/useReducer.tsx": {"path":"/home/al3xdiaz/projects/form-with-state/src/form/formProvider/useReducer.tsx","statementMap":{"0":{"start":{"line":6,"column":23},"end":{"line":18,"column":1}},"1":{"start":{"line":7,"column":4},"end":{"line":17,"column":null}},"2":{"start":{"line":9,"column":12},"end":{"line":11,"column":null}},"3":{"start":{"line":14,"column":12},"end":{"line":14,"column":null}},"4":{"start":{"line":16,"column":12},"end":{"line":16,"column":25}},"5":{"start":{"line":6,"column":13},"end":{"line":6,"column":23}}},"fnMap":{"0":{"name":"(anonymous_0)","decl":{"start":{"line":6,"column":23},"end":{"line":6,"column":24}},"loc":{"start":{"line":6,"column":57},"end":{"line":18,"column":1}}}},"branchMap":{"0":{"loc":{"start":{"line":7,"column":4},"end":{"line":17,"column":null}},"type":"switch","locations":[{"start":{"line":8,"column":8},"end":{"line":11,"column":null}},{"start":{"line":13,"column":8},"end":{"line":14,"column":null}},{"start":{"line":15,"column":8},"end":{"line":16,"column":25}}]}},"s":{"0":1,"1":0,"2":0,"3":0,"4":0,"5":1},"f":{"0":0},"b":{"0":[0,0,0]}}
,"/home/al3xdiaz/projects/form-with-state/src/form/input/index.tsx": {"path":"/home/al3xdiaz/projects/form-with-state/src/form/input/index.tsx","statementMap":{"0":{"start":{"line":1,"column":0},"end":{"line":1,"column":32}},"1":{"start":{"line":3,"column":0},"end":{"line":3,"column":60}},"2":{"start":{"line":4,"column":0},"end":{"line":4,"column":51}},"3":{"start":{"line":14,"column":36},"end":{"line":44,"column":1}},"4":{"start":{"line":22,"column":8},"end":{"line":22,"column":14}},"5":{"start":{"line":16,"column":13},"end":{"line":16,"column":null}},"6":{"start":{"line":21,"column":21},"end":{"line":22,"column":8}},"7":{"start":{"line":23,"column":28},"end":{"line":23,"column":44}},"8":{"start":{"line":23,"column":18},"end":{"line":23,"column":19}},"9":{"start":{"line":23,"column":24},"end":{"line":23,"column":28}},"10":{"start":{"line":24,"column":24},"end":{"line":24,"column":62}},"11":{"start":{"line":25,"column":21},"end":{"line":25,"column":72}},"12":{"start":{"line":26,"column":4},"end":{"line":43,"column":null}},"13":{"start":{"line":35,"column":38},"end":{"line":35,"column":75}},"14":{"start":{"line":14,"column":13},"end":{"line":14,"column":36}},"15":{"start":{"line":46,"column":36},"end":{"line":71,"column":1}},"16":{"start":{"line":54,"column":8},"end":{"line":54,"column":14}},"17":{"start":{"line":48,"column":13},"end":{"line":48,"column":null}},"18":{"start":{"line":53,"column":21},"end":{"line":54,"column":8}},"19":{"start":{"line":55,"column":28},"end":{"line":55,"column":44}},"20":{"start":{"line":55,"column":18},"end":{"line":55,"column":19}},"21":{"start":{"line":55,"column":24},"end":{"line":55,"column":28}},"22":{"start":{"line":56,"column":4},"end":{"line":70,"column":null}},"23":{"start":{"line":63,"column":34},"end":{"line":63,"column":71}},"24":{"start":{"line":46,"column":13},"end":{"line":46,"column":36}}},"fnMap":{"0":{"name":"(anonymous_0)","decl":{"start":{"line":14,"column":36},"end":{"line":14,"column":37}},"loc":{"start":{"line":14,"column":42},"end":{"line":44,"column":1}}},"1":{"name":"(anonymous_1)","decl":{"start":{"line":35,"column":34},"end":{"line":35,"column":35}},"loc":{"start":{"line":35,"column":35},"end":{"line":35,"column":75}}},"2":{"name":"(anonymous_2)","decl":{"start":{"line":46,"column":36},"end":{"line":46,"column":37}},"loc":{"start":{"line":46,"column":42},"end":{"line":71,"column":1}}},"3":{"name":"(anonymous_3)","decl":{"start":{"line":63,"column":30},"end":{"line":63,"column":31}},"loc":{"start":{"line":63,"column":31},"end":{"line":63,"column":71}}}},"branchMap":{"0":{"loc":{"start":{"line":16,"column":13},"end":{"line":16,"column":null}},"type":"cond-expr","locations":[{"start":{"line":16,"column":14},"end":{"line":16,"column":25}},{"start":{"line":16,"column":25},"end":{"line":16,"column":null}}]},"1":{"loc":{"start":{"line":24,"column":24},"end":{"line":24,"column":62}},"type":"cond-expr","locations":[{"start":{"line":24,"column":38},"end":{"line":24,"column":57}},{"start":{"line":24,"column":60},"end":{"line":24,"column":62}}]},"2":{"loc":{"start":{"line":25,"column":24},"end":{"line":25,"column":39}},"type":"cond-expr","locations":[{"start":{"line":25,"column":33},"end":{"line":25,"column":36}},{"start":{"line":25,"column":37},"end":{"line":25,"column":39}}]},"3":{"loc":{"start":{"line":25,"column":42},"end":{"line":25,"column":70}},"type":"cond-expr","locations":[{"start":{"line":25,"column":54},"end":{"line":25,"column":59}},{"start":{"line":25,"column":60},"end":{"line":25,"column":70}}]},"4":{"loc":{"start":{"line":48,"column":13},"end":{"line":48,"column":null}},"type":"cond-expr","locations":[{"start":{"line":48,"column":14},"end":{"line":48,"column":25}},{"start":{"line":48,"column":25},"end":{"line":48,"column":null}}]},"5":{"loc":{"start":{"line":67,"column":23},"end":{"line":67,"column":38}},"type":"cond-expr","locations":[{"start":{"line":67,"column":32},"end":{"line":67,"column":35}},{"start":{"line":67,"column":36},"end":{"line":67,"column":38}}]},"6":{"loc":{"start":{"line":67,"column":40},"end":{"line":67,"column":68}},"type":"cond-expr","locations":[{"start":{"line":67,"column":52},"end":{"line":67,"column":57}},{"start":{"line":67,"column":58},"end":{"line":67,"column":68}}]}},"s":{"0":1,"1":1,"2":1,"3":1,"4":0,"5":0,"6":0,"7":0,"8":0,"9":0,"10":0,"11":0,"12":0,"13":0,"14":1,"15":1,"16":0,"17":0,"18":0,"19":0,"20":0,"21":0,"22":0,"23":0,"24":1},"f":{"0":0,"1":0,"2":0,"3":0},"b":{"0":[0,0],"1":[0,0],"2":[0,0],"3":[0,0],"4":[0,0],"5":[0,0],"6":[0,0]}}
,"/home/al3xdiaz/projects/form-with-state/src/form/password/index.tsx": {"path":"/home/al3xdiaz/projects/form-with-state/src/form/password/index.tsx","statementMap":{"0":{"start":{"line":1,"column":0},"end":{"line":1,"column":42}},"1":{"start":{"line":3,"column":0},"end":{"line":3,"column":60}},"2":{"start":{"line":4,"column":0},"end":{"line":4,"column":51}},"3":{"start":{"line":14,"column":40},"end":{"line":46,"column":1}},"4":{"start":{"line":22,"column":8},"end":{"line":22,"column":14}},"5":{"start":{"line":16,"column":13},"end":{"line":16,"column":null}},"6":{"start":{"line":21,"column":21},"end":{"line":22,"column":8}},"7":{"start":{"line":23,"column":35},"end":{"line":23,"column":50}},"8":{"start":{"line":23,"column":19},"end":{"line":23,"column":20}},"9":{"start":{"line":23,"column":31},"end":{"line":23,"column":35}},"10":{"start":{"line":24,"column":28},"end":{"line":24,"column":44}},"11":{"start":{"line":24,"column":18},"end":{"line":24,"column":19}},"12":{"start":{"line":24,"column":24},"end":{"line":24,"column":28}},"13":{"start":{"line":25,"column":24},"end":{"line":25,"column":62}},"14":{"start":{"line":26,"column":21},"end":{"line":26,"column":72}},"15":{"start":{"line":27,"column":4},"end":{"line":45,"column":null}},"16":{"start":{"line":35,"column":34},"end":{"line":35,"column":71}},"17":{"start":{"line":40,"column":35},"end":{"line":40,"column":null}},"18":{"start":{"line":14,"column":13},"end":{"line":14,"column":40}}},"fnMap":{"0":{"name":"(anonymous_0)","decl":{"start":{"line":14,"column":40},"end":{"line":14,"column":41}},"loc":{"start":{"line":14,"column":46},"end":{"line":46,"column":1}}},"1":{"name":"(anonymous_1)","decl":{"start":{"line":35,"column":30},"end":{"line":35,"column":31}},"loc":{"start":{"line":35,"column":31},"end":{"line":35,"column":71}}},"2":{"name":"(anonymous_2)","decl":{"start":{"line":40,"column":31},"end":{"line":40,"column":35}},"loc":{"start":{"line":40,"column":31},"end":{"line":40,"column":46}}}},"branchMap":{"0":{"loc":{"start":{"line":16,"column":13},"end":{"line":16,"column":null}},"type":"cond-expr","locations":[{"start":{"line":16,"column":14},"end":{"line":16,"column":25}},{"start":{"line":16,"column":25},"end":{"line":16,"column":null}}]},"1":{"loc":{"start":{"line":25,"column":24},"end":{"line":25,"column":62}},"type":"cond-expr","locations":[{"start":{"line":25,"column":38},"end":{"line":25,"column":57}},{"start":{"line":25,"column":60},"end":{"line":25,"column":62}}]},"2":{"loc":{"start":{"line":26,"column":24},"end":{"line":26,"column":39}},"type":"cond-expr","locations":[{"start":{"line":26,"column":33},"end":{"line":26,"column":36}},{"start":{"line":26,"column":37},"end":{"line":26,"column":39}}]},"3":{"loc":{"start":{"line":26,"column":42},"end":{"line":26,"column":70}},"type":"cond-expr","locations":[{"start":{"line":26,"column":54},"end":{"line":26,"column":59}},{"start":{"line":26,"column":60},"end":{"line":26,"column":70}}]},"4":{"loc":{"start":{"line":31,"column":26},"end":{"line":31,"column":52}},"type":"cond-expr","locations":[{"start":{"line":31,"column":35},"end":{"line":31,"column":41}},{"start":{"line":31,"column":42},"end":{"line":31,"column":52}}]},"5":{"loc":{"start":{"line":41,"column":17},"end":{"line":41,"column":943}},"type":"cond-expr","locations":[{"start":{"line":41,"column":26},"end":{"line":41,"column":605}},{"start":{"line":41,"column":606},"end":{"line":41,"column":943}}]}},"s":{"0":1,"1":1,"2":1,"3":1,"4":0,"5":0,"6":0,"7":0,"8":0,"9":0,"10":0,"11":0,"12":0,"13":0,"14":0,"15":0,"16":0,"17":0,"18":1},"f":{"0":0,"1":0,"2":0},"b":{"0":[0,0],"1":[0,0],"2":[0,0],"3":[0,0],"4":[0,0],"5":[0,0]}}
,"/home/al3xdiaz/projects/form-with-state/src/stylesComponents/index.tsx": {"path":"/home/al3xdiaz/projects/form-with-state/src/stylesComponents/index.tsx","statementMap":{"0":{"start":{"line":1,"column":0},"end":{"line":1,"column":39}},"1":{"start":{"line":3,"column":13},"end":{"line":124,"column":2}}},"fnMap":{},"branchMap":{"0":{"loc":{"start":{"line":3,"column":36},"end":{"line":124,"column":2}},"type":"binary-expr","locations":[{"start":{"line":3,"column":36},"end":{"line":3,"column":null}},{"start":{"line":3,"column":36},"end":{"line":124,"column":2}}]}},"s":{"0":1,"1":1},"f":{},"b":{"0":[1,1]}}
}
