{"/home/al3xdiaz/projects/form-with-state/src/index.tsx": {"path":"/home/al3xdiaz/projects/form-with-state/src/index.tsx","statementMap":{"0":{"start":{"line":1,"column":0},"end":{"line":1,"column":26}},"1":{"start":{"line":2,"column":0},"end":{"line":2,"column":48}},"2":{"start":{"line":3,"column":0},"end":{"line":3,"column":46}},"3":{"start":{"line":4,"column":0},"end":{"line":4,"column":34}},"4":{"start":{"line":13,"column":13},"end":{"line":18,"column":3}},"5":{"start":{"line":20,"column":0},"end":{"line":20,"column":20}}},"fnMap":{},"branchMap":{},"s":{"0":1,"1":1,"2":1,"3":1,"4":1,"5":1},"f":{},"b":{}}
,"/home/al3xdiaz/projects/form-with-state/src/form/index.tsx": {"path":"/home/al3xdiaz/projects/form-with-state/src/form/index.tsx","statementMap":{"0":{"start":{"line":1,"column":0},"end":{"line":1,"column":46}},"1":{"start":{"line":2,"column":0},"end":{"line":2,"column":44}},"2":{"start":{"line":3,"column":0},"end":{"line":3,"column":52}},"3":{"start":{"line":4,"column":0},"end":{"line":4,"column":38}},"4":{"start":{"line":15,"column":19},"end":{"line":19,"column":2}},"5":{"start":{"line":21,"column":24},"end":{"line":31,"column":1}},"6":{"start":{"line":21,"column":34},"end":{"line":21,"column":35}},"7":{"start":{"line":21,"column":43},"end":{"line":21,"column":44}},"8":{"start":{"line":22,"column":28},"end":{"line":22,"column":50}},"9":{"start":{"line":22,"column":16},"end":{"line":22,"column":17}},"10":{"start":{"line":22,"column":25},"end":{"line":22,"column":28}},"11":{"start":{"line":24,"column":4},"end":{"line":30,"column":null}},"12":{"start":{"line":26,"column":73},"end":{"line":26,"column":92}},"13":{"start":{"line":26,"column":93},"end":{"line":26,"column":121}},"14":{"start":{"line":33,"column":0},"end":{"line":33,"column":20}}},"fnMap":{"0":{"name":"(anonymous_0)","decl":{"start":{"line":21,"column":24},"end":{"line":21,"column":25}},"loc":{"start":{"line":21,"column":44},"end":{"line":31,"column":1}}},"1":{"name":"(anonymous_1)","decl":{"start":{"line":26,"column":34},"end":{"line":26,"column":35}},"loc":{"start":{"line":26,"column":69},"end":{"line":26,"column":122}}}},"branchMap":{"0":{"loc":{"start":{"line":15,"column":30},"end":{"line":19,"column":2}},"type":"binary-expr","locations":[{"start":{"line":15,"column":30},"end":{"line":15,"column":null}},{"start":{"line":15,"column":30},"end":{"line":19,"column":2}}]},"1":{"loc":{"start":{"line":26,"column":93},"end":{"line":26,"column":120}},"type":"binary-expr","locations":[{"start":{"line":26,"column":93},"end":{"line":26,"column":101}},{"start":{"line":26,"column":105},"end":{"line":26,"column":120}}]}},"s":{"0":1,"1":1,"2":1,"3":1,"4":1,"5":1,"6":1,"7":1,"8":1,"9":1,"10":1,"11":1,"12":0,"13":0,"14":1},"f":{"0":1,"1":0},"b":{"0":[1,1],"1":[0,0]}}
,"/home/al3xdiaz/projects/form-with-state/src/form/btn/index.tsx": {"path":"/home/al3xdiaz/projects/form-with-state/src/form/btn/index.tsx","statementMap":{"0":{"start":{"line":1,"column":0},"end":{"line":1,"column":26}},"1":{"start":{"line":8,"column":40},"end":{"line":25,"column":1}},"2":{"start":{"line":8,"column":47},"end":{"line":8,"column":48}},"3":{"start":{"line":8,"column":53},"end":{"line":8,"column":54}},"4":{"start":{"line":9,"column":4},"end":{"line":24,"column":null}},"5":{"start":{"line":8,"column":13},"end":{"line":8,"column":40}}},"fnMap":{"0":{"name":"(anonymous_0)","decl":{"start":{"line":8,"column":40},"end":{"line":8,"column":41}},"loc":{"start":{"line":8,"column":54},"end":{"line":25,"column":1}}}},"branchMap":{},"s":{"0":1,"1":1,"2":0,"3":0,"4":0,"5":1},"f":{"0":0},"b":{}}
,"/home/al3xdiaz/projects/form-with-state/src/form/formProvider/context.tsx": {"path":"/home/al3xdiaz/projects/form-with-state/src/form/formProvider/context.tsx","statementMap":{"0":{"start":{"line":1,"column":0},"end":{"line":1,"column":27}},"1":{"start":{"line":12,"column":14},"end":{"line":12,"column":60}},"2":{"start":{"line":14,"column":0},"end":{"line":14,"column":22}}},"fnMap":{},"branchMap":{},"s":{"0":1,"1":1,"2":1},"f":{},"b":{}}
,"/home/al3xdiaz/projects/form-with-state/src/form/formProvider/useFormContext.tsx": {"path":"/home/al3xdiaz/projects/form-with-state/src/form/formProvider/useFormContext.tsx","statementMap":{"0":{"start":{"line":1,"column":0},"end":{"line":1,"column":47}},"1":{"start":{"line":2,"column":0},"end":{"line":2,"column":31}},"2":{"start":{"line":6,"column":23},"end":{"line":19,"column":6}},"3":{"start":{"line":7,"column":29},"end":{"line":7,"column":48}},"4":{"start":{"line":7,"column":16},"end":{"line":7,"column":17}},"5":{"start":{"line":7,"column":25},"end":{"line":7,"column":29}},"6":{"start":{"line":9,"column":19},"end":{"line":14,"column":23}},"7":{"start":{"line":10,"column":8},"end":{"line":13,"column":null}},"8":{"start":{"line":16,"column":4},"end":{"line":19,"column":6}},"9":{"start":{"line":6,"column":13},"end":{"line":6,"column":23}},"10":{"start":{"line":20,"column":0},"end":{"line":20,"column":23}}},"fnMap":{"0":{"name":"(anonymous_0)","decl":{"start":{"line":6,"column":23},"end":{"line":6,"column":null}},"loc":{"start":{"line":6,"column":23},"end":{"line":19,"column":6}}},"1":{"name":"(anonymous_1)","decl":{"start":{"line":9,"column":31},"end":{"line":9,"column":32}},"loc":{"start":{"line":9,"column":46},"end":{"line":14,"column":5}}}},"branchMap":{"0":{"loc":{"start":{"line":10,"column":8},"end":{"line":13,"column":10}},"type":"binary-expr","locations":[{"start":{"line":10,"column":8},"end":{"line":10,"column":16}},{"start":{"line":10,"column":20},"end":{"line":13,"column":10}}]}},"s":{"0":1,"1":1,"2":1,"3":0,"4":0,"5":0,"6":0,"7":0,"8":0,"9":1,"10":1},"f":{"0":0,"1":0},"b":{"0":[0,0]}}
,"/home/al3xdiaz/projects/form-with-state/src/form/formProvider/useReducer.tsx": {"path":"/home/al3xdiaz/projects/form-with-state/src/form/formProvider/useReducer.tsx","statementMap":{"0":{"start":{"line":6,"column":23},"end":{"line":16,"column":1}},"1":{"start":{"line":7,"column":4},"end":{"line":15,"column":null}},"2":{"start":{"line":9,"column":12},"end":{"line":11,"column":null}},"3":{"start":{"line":14,"column":12},"end":{"line":14,"column":25}},"4":{"start":{"line":6,"column":13},"end":{"line":6,"column":23}}},"fnMap":{"0":{"name":"(anonymous_0)","decl":{"start":{"line":6,"column":23},"end":{"line":6,"column":24}},"loc":{"start":{"line":6,"column":57},"end":{"line":16,"column":1}}}},"branchMap":{"0":{"loc":{"start":{"line":7,"column":4},"end":{"line":15,"column":null}},"type":"switch","locations":[{"start":{"line":8,"column":8},"end":{"line":11,"column":null}},{"start":{"line":13,"column":8},"end":{"line":14,"column":25}}]}},"s":{"0":1,"1":0,"2":0,"3":0,"4":1},"f":{"0":0},"b":{"0":[0,0]}}
,"/home/al3xdiaz/projects/form-with-state/src/form/input/index.tsx": {"path":"/home/al3xdiaz/projects/form-with-state/src/form/input/index.tsx","statementMap":{"0":{"start":{"line":1,"column":0},"end":{"line":1,"column":32}},"1":{"start":{"line":3,"column":0},"end":{"line":3,"column":60}},"2":{"start":{"line":4,"column":0},"end":{"line":4,"column":39}},"3":{"start":{"line":6,"column":17},"end":{"line":131,"column":2}},"4":{"start":{"line":141,"column":36},"end":{"line":171,"column":1}},"5":{"start":{"line":149,"column":8},"end":{"line":149,"column":14}},"6":{"start":{"line":143,"column":13},"end":{"line":143,"column":null}},"7":{"start":{"line":148,"column":21},"end":{"line":149,"column":8}},"8":{"start":{"line":150,"column":28},"end":{"line":150,"column":44}},"9":{"start":{"line":150,"column":18},"end":{"line":150,"column":19}},"10":{"start":{"line":150,"column":24},"end":{"line":150,"column":28}},"11":{"start":{"line":151,"column":24},"end":{"line":151,"column":62}},"12":{"start":{"line":152,"column":21},"end":{"line":152,"column":72}},"13":{"start":{"line":153,"column":4},"end":{"line":170,"column":null}},"14":{"start":{"line":162,"column":38},"end":{"line":162,"column":75}},"15":{"start":{"line":141,"column":13},"end":{"line":141,"column":36}},"16":{"start":{"line":173,"column":36},"end":{"line":198,"column":1}},"17":{"start":{"line":181,"column":8},"end":{"line":181,"column":14}},"18":{"start":{"line":175,"column":13},"end":{"line":175,"column":null}},"19":{"start":{"line":180,"column":21},"end":{"line":181,"column":8}},"20":{"start":{"line":182,"column":28},"end":{"line":182,"column":44}},"21":{"start":{"line":182,"column":18},"end":{"line":182,"column":19}},"22":{"start":{"line":182,"column":24},"end":{"line":182,"column":28}},"23":{"start":{"line":183,"column":4},"end":{"line":197,"column":null}},"24":{"start":{"line":190,"column":34},"end":{"line":190,"column":71}},"25":{"start":{"line":173,"column":13},"end":{"line":173,"column":36}}},"fnMap":{"0":{"name":"(anonymous_0)","decl":{"start":{"line":141,"column":36},"end":{"line":141,"column":37}},"loc":{"start":{"line":141,"column":42},"end":{"line":171,"column":1}}},"1":{"name":"(anonymous_1)","decl":{"start":{"line":162,"column":34},"end":{"line":162,"column":35}},"loc":{"start":{"line":162,"column":35},"end":{"line":162,"column":75}}},"2":{"name":"(anonymous_2)","decl":{"start":{"line":173,"column":36},"end":{"line":173,"column":37}},"loc":{"start":{"line":173,"column":42},"end":{"line":198,"column":1}}},"3":{"name":"(anonymous_3)","decl":{"start":{"line":190,"column":30},"end":{"line":190,"column":31}},"loc":{"start":{"line":190,"column":31},"end":{"line":190,"column":71}}}},"branchMap":{"0":{"loc":{"start":{"line":6,"column":29},"end":{"line":131,"column":2}},"type":"binary-expr","locations":[{"start":{"line":6,"column":29},"end":{"line":6,"column":null}},{"start":{"line":6,"column":29},"end":{"line":131,"column":2}}]},"1":{"loc":{"start":{"line":143,"column":13},"end":{"line":143,"column":null}},"type":"cond-expr","locations":[{"start":{"line":143,"column":14},"end":{"line":143,"column":25}},{"start":{"line":143,"column":25},"end":{"line":143,"column":null}}]},"2":{"loc":{"start":{"line":151,"column":24},"end":{"line":151,"column":62}},"type":"cond-expr","locations":[{"start":{"line":151,"column":38},"end":{"line":151,"column":57}},{"start":{"line":151,"column":60},"end":{"line":151,"column":62}}]},"3":{"loc":{"start":{"line":152,"column":24},"end":{"line":152,"column":39}},"type":"cond-expr","locations":[{"start":{"line":152,"column":33},"end":{"line":152,"column":36}},{"start":{"line":152,"column":37},"end":{"line":152,"column":39}}]},"4":{"loc":{"start":{"line":152,"column":42},"end":{"line":152,"column":70}},"type":"cond-expr","locations":[{"start":{"line":152,"column":54},"end":{"line":152,"column":59}},{"start":{"line":152,"column":60},"end":{"line":152,"column":70}}]},"5":{"loc":{"start":{"line":175,"column":13},"end":{"line":175,"column":null}},"type":"cond-expr","locations":[{"start":{"line":175,"column":14},"end":{"line":175,"column":25}},{"start":{"line":175,"column":25},"end":{"line":175,"column":null}}]},"6":{"loc":{"start":{"line":194,"column":23},"end":{"line":194,"column":38}},"type":"cond-expr","locations":[{"start":{"line":194,"column":32},"end":{"line":194,"column":35}},{"start":{"line":194,"column":36},"end":{"line":194,"column":38}}]},"7":{"loc":{"start":{"line":194,"column":40},"end":{"line":194,"column":68}},"type":"cond-expr","locations":[{"start":{"line":194,"column":52},"end":{"line":194,"column":57}},{"start":{"line":194,"column":58},"end":{"line":194,"column":68}}]}},"s":{"0":1,"1":1,"2":1,"3":1,"4":1,"5":0,"6":0,"7":0,"8":0,"9":0,"10":0,"11":0,"12":0,"13":0,"14":0,"15":1,"16":1,"17":0,"18":0,"19":0,"20":0,"21":0,"22":0,"23":0,"24":0,"25":1},"f":{"0":0,"1":0,"2":0,"3":0},"b":{"0":[1,1],"1":[0,0],"2":[0,0],"3":[0,0],"4":[0,0],"5":[0,0],"6":[0,0],"7":[0,0]}}
,"/home/al3xdiaz/projects/form-with-state/src/form/password/index.tsx": {"path":"/home/al3xdiaz/projects/form-with-state/src/form/password/index.tsx","statementMap":{"0":{"start":{"line":1,"column":0},"end":{"line":1,"column":42}},"1":{"start":{"line":3,"column":0},"end":{"line":3,"column":60}},"2":{"start":{"line":4,"column":0},"end":{"line":4,"column":39}},"3":{"start":{"line":6,"column":17},"end":{"line":131,"column":2}},"4":{"start":{"line":141,"column":40},"end":{"line":173,"column":1}},"5":{"start":{"line":149,"column":8},"end":{"line":149,"column":14}},"6":{"start":{"line":143,"column":13},"end":{"line":143,"column":null}},"7":{"start":{"line":148,"column":21},"end":{"line":149,"column":8}},"8":{"start":{"line":150,"column":35},"end":{"line":150,"column":50}},"9":{"start":{"line":150,"column":19},"end":{"line":150,"column":20}},"10":{"start":{"line":150,"column":31},"end":{"line":150,"column":35}},"11":{"start":{"line":151,"column":28},"end":{"line":151,"column":44}},"12":{"start":{"line":151,"column":18},"end":{"line":151,"column":19}},"13":{"start":{"line":151,"column":24},"end":{"line":151,"column":28}},"14":{"start":{"line":152,"column":24},"end":{"line":152,"column":62}},"15":{"start":{"line":153,"column":21},"end":{"line":153,"column":72}},"16":{"start":{"line":154,"column":4},"end":{"line":172,"column":null}},"17":{"start":{"line":162,"column":34},"end":{"line":162,"column":71}},"18":{"start":{"line":167,"column":35},"end":{"line":167,"column":null}},"19":{"start":{"line":141,"column":13},"end":{"line":141,"column":40}}},"fnMap":{"0":{"name":"(anonymous_0)","decl":{"start":{"line":141,"column":40},"end":{"line":141,"column":41}},"loc":{"start":{"line":141,"column":46},"end":{"line":173,"column":1}}},"1":{"name":"(anonymous_1)","decl":{"start":{"line":162,"column":30},"end":{"line":162,"column":31}},"loc":{"start":{"line":162,"column":31},"end":{"line":162,"column":71}}},"2":{"name":"(anonymous_2)","decl":{"start":{"line":167,"column":31},"end":{"line":167,"column":35}},"loc":{"start":{"line":167,"column":31},"end":{"line":167,"column":46}}}},"branchMap":{"0":{"loc":{"start":{"line":6,"column":29},"end":{"line":131,"column":2}},"type":"binary-expr","locations":[{"start":{"line":6,"column":29},"end":{"line":6,"column":null}},{"start":{"line":6,"column":29},"end":{"line":131,"column":2}}]},"1":{"loc":{"start":{"line":143,"column":13},"end":{"line":143,"column":null}},"type":"cond-expr","locations":[{"start":{"line":143,"column":14},"end":{"line":143,"column":25}},{"start":{"line":143,"column":25},"end":{"line":143,"column":null}}]},"2":{"loc":{"start":{"line":152,"column":24},"end":{"line":152,"column":62}},"type":"cond-expr","locations":[{"start":{"line":152,"column":38},"end":{"line":152,"column":57}},{"start":{"line":152,"column":60},"end":{"line":152,"column":62}}]},"3":{"loc":{"start":{"line":153,"column":24},"end":{"line":153,"column":39}},"type":"cond-expr","locations":[{"start":{"line":153,"column":33},"end":{"line":153,"column":36}},{"start":{"line":153,"column":37},"end":{"line":153,"column":39}}]},"4":{"loc":{"start":{"line":153,"column":42},"end":{"line":153,"column":70}},"type":"cond-expr","locations":[{"start":{"line":153,"column":54},"end":{"line":153,"column":59}},{"start":{"line":153,"column":60},"end":{"line":153,"column":70}}]},"5":{"loc":{"start":{"line":158,"column":26},"end":{"line":158,"column":52}},"type":"cond-expr","locations":[{"start":{"line":158,"column":35},"end":{"line":158,"column":41}},{"start":{"line":158,"column":42},"end":{"line":158,"column":52}}]},"6":{"loc":{"start":{"line":168,"column":17},"end":{"line":168,"column":943}},"type":"cond-expr","locations":[{"start":{"line":168,"column":26},"end":{"line":168,"column":605}},{"start":{"line":168,"column":606},"end":{"line":168,"column":943}}]}},"s":{"0":1,"1":1,"2":1,"3":1,"4":1,"5":0,"6":0,"7":0,"8":0,"9":0,"10":0,"11":0,"12":0,"13":0,"14":0,"15":0,"16":0,"17":0,"18":0,"19":1},"f":{"0":0,"1":0,"2":0},"b":{"0":[1,1],"1":[0,0],"2":[0,0],"3":[0,0],"4":[0,0],"5":[0,0],"6":[0,0]}}
}
